2024-11-21 04:14:50 Loading updated app package /home/pranaygurung/.config/obsidian/obsidian-1.7.7.asar
2024-11-21 04:14:52 Checking for update using Github
2024-11-21 04:14:53 Success.
2024-11-21 04:14:53 Latest version is 1.7.7
2024-11-21 04:14:53 App is up to date.
2024-11-21 05:14:51 Checking for update using Github
2024-11-21 05:14:51 Success.
2024-11-21 05:14:51 Latest version is 1.7.7
2024-11-21 05:14:51 App is up to date.
2024-11-21 06:14:51 Checking for update using Github
2024-11-21 06:14:51 Success.
2024-11-21 06:14:51 Latest version is 1.7.7
2024-11-21 06:14:51 App is up to date.
2024-11-21 07:14:51 Checking for update using Github
2024-11-21 07:14:51 Success.
2024-11-21 07:14:51 Latest version is 1.7.7
2024-11-21 07:14:51 App is up to date.
2024-11-21 09:18:00 Checking for update using Github
2024-11-21 09:18:01 Success.
2024-11-21 09:18:01 Latest version is 1.7.7
2024-11-21 09:18:01 App is up to date.
2024-11-21 10:18:01 Checking for update using Github
2024-11-21 10:18:01 Success.
2024-11-21 10:18:01 Latest version is 1.7.7
2024-11-21 10:18:01 App is up to date.
2024-11-21 11:18:01 Checking for update using Github
2024-11-21 11:18:01 Success.
2024-11-21 11:18:01 Latest version is 1.7.7
2024-11-21 11:18:01 App is up to date.
2024-11-21 14:54:02 Checking for update using Github
2024-11-21 14:54:03 Success.
2024-11-21 14:54:03 Latest version is 1.7.7
2024-11-21 14:54:03 App is up to date.
[18508:1121/211534.249329:ERROR:gl_surface_presentation_helper.cc(260)] GetVSyncParametersIfAvailable() failed for 1 times!
